<?xml version="1.0" encoding="UTF-8" ?>
<testsuites>
  <testsuite errors="1" failures="0" hostname="ED068Kris" id="0" name="google" package="com.example.tests" skipped="0" tests="1" time="10.495" timestamp="2015-03-30T04:25:11">
      <properties>
[...]
</properties>

      <testcase classname="com.example.tests.google" name="testGoogle" time="10.254">
          <error message="ERROR: Element link=Hello Lionel Richie nghe táº£i nháº¡c 320 | txUQIElDIc not found" type="com.thoughtworks.selenium.SeleniumException">com.thoughtworks.selenium.SeleniumException: ERROR: Element link=Hello Lionel Richie nghe táº£i nháº¡c 320 | txUQIElDIc not found
	at com.thoughtworks.selenium.HttpCommandProcessor.throwAssertionFailureExceptionOrError(HttpCommandProcessor.java:109)
	at com.thoughtworks.selenium.HttpCommandProcessor.doCommand(HttpCommandProcessor.java:103)
	at com.thoughtworks.selenium.DefaultSelenium.click(DefaultSelenium.java:193)
	at com.example.tests.google.testGoogle(google.java:23)
</error>

      </testcase>

      <system-out><![CDATA[]]></system-out>

      <system-err><![CDATA[]]></system-err>

  </testsuite>
</testsuites>
